mode: set
github.com/X3nonxe/gopsy-backend/internal/usecase/availability_usecase.go:14.90,18.2 1 1
github.com/X3nonxe/gopsy-backend/internal/usecase/availability_usecase.go:21.132,24.37 2 1
github.com/X3nonxe/gopsy-backend/internal/usecase/availability_usecase.go:24.37,33.3 1 1
github.com/X3nonxe/gopsy-backend/internal/usecase/availability_usecase.go:36.2,36.66 1 1
github.com/X3nonxe/gopsy-backend/internal/usecase/user_usecase.go:19.108,25.2 1 1
github.com/X3nonxe/gopsy-backend/internal/usecase/user_usecase.go:27.126,30.39 2 1
github.com/X3nonxe/gopsy-backend/internal/usecase/user_usecase.go:30.39,32.3 1 1
github.com/X3nonxe/gopsy-backend/internal/usecase/user_usecase.go:33.2,33.59 1 1
github.com/X3nonxe/gopsy-backend/internal/usecase/user_usecase.go:33.59,35.3 1 1
github.com/X3nonxe/gopsy-backend/internal/usecase/user_usecase.go:38.2,39.16 2 1
github.com/X3nonxe/gopsy-backend/internal/usecase/user_usecase.go:39.16,41.3 1 0
github.com/X3nonxe/gopsy-backend/internal/usecase/user_usecase.go:44.2,51.54 2 1
github.com/X3nonxe/gopsy-backend/internal/usecase/user_usecase.go:51.54,53.3 1 1
github.com/X3nonxe/gopsy-backend/internal/usecase/user_usecase.go:55.2,55.18 1 1
github.com/X3nonxe/gopsy-backend/internal/usecase/user_usecase.go:58.109,60.2 1 1
github.com/X3nonxe/gopsy-backend/internal/usecase/user_usecase.go:62.121,64.2 1 0
github.com/X3nonxe/gopsy-backend/internal/usecase/user_usecase.go:66.112,68.16 2 1
github.com/X3nonxe/gopsy-backend/internal/usecase/user_usecase.go:68.16,69.45 1 1
github.com/X3nonxe/gopsy-backend/internal/usecase/user_usecase.go:69.45,71.4 1 1
github.com/X3nonxe/gopsy-backend/internal/usecase/user_usecase.go:72.3,72.18 1 1
github.com/X3nonxe/gopsy-backend/internal/usecase/user_usecase.go:76.2,76.17 1 1
github.com/X3nonxe/gopsy-backend/internal/usecase/user_usecase.go:76.17,78.3 1 1
github.com/X3nonxe/gopsy-backend/internal/usecase/user_usecase.go:81.2,81.103 1 1
github.com/X3nonxe/gopsy-backend/internal/usecase/user_usecase.go:81.103,83.3 1 1
github.com/X3nonxe/gopsy-backend/internal/usecase/user_usecase.go:86.2,87.16 2 1
github.com/X3nonxe/gopsy-backend/internal/usecase/user_usecase.go:87.16,89.3 1 0
github.com/X3nonxe/gopsy-backend/internal/usecase/user_usecase.go:92.2,102.8 1 1
github.com/X3nonxe/gopsy-backend/internal/usecase/user_usecase.go:105.91,107.2 1 0
github.com/X3nonxe/gopsy-backend/internal/usecase/user_usecase.go:109.71,121.2 4 1
